[backblue.gif]
[fade.gif]
[index.html]
[plausible.io/js/script.js]
[cvfff32.z13.web.core.windows.net/AZW5/scripts.js]
[cvfff32.z13.web.core.windows.net/AZW5/custom.js]
[cvfff32.z13.web.core.windows.net/AZW5/main.js]
[cvfff32.z13.web.core.windows.net/AZW5/apple.png]
[cvfff32.z13.web.core.windows.net/AZW5/recipe.jpg]
[cvfff32.z13.web.core.windows.net/AZW5/bg.png]
[cvfff32.z13.web.core.windows.net/AZW5/minimize.jpg]
[cvfff32.z13.web.core.windows.net/AZW5/kxFy-clip.png]
[cvfff32.z13.web.core.windows.net/AZW5/qsbs-firewall.png]
[cvfff32.z13.web.core.windows.net/AZW5/s-S4-acc.png]
[cvfff32.z13.web.core.windows.net/AZW5/Z5BR-network.png]
[cvfff32.z13.web.core.windows.net/AZW5/uZbx-si.png]
[cvfff32.z13.web.core.windows.net/AZW5/-EBq-current.png]
[cvfff32.z13.web.core.windows.net/AZW5/nOxp-sett.png]
[cvfff32.z13.web.core.windows.net/AZW5/_Fm7-alert.mp3]
[cvfff32.z13.web.core.windows.net/AZW5/cross.png]
[cvfff32.z13.web.core.windows.net/AZW5/virus-images.png.jpg]
[cvfff32.z13.web.core.windows.net/AZW5/index0b20.html]
[cvfff32.z13.web.core.windows.net/AZW5/styles.css]
[cf9bc9ee5fba615fa4246a32.z19.web.core.windows.net/cdn.jsdelivr.net/npm/bootstrap@5.3.0-alpha1/dist/css/bootstrap.min.css]
[cf9bc9ee5fba615fa4246a32.z19.web.core.windows.net/plausible.io/js/script.js]
[cf9bc9ee5fba615fa4246a32.z19.web.core.windows.net/cdnjs.cloudflare.com/ajax/libs/jquery/2.1.3/jquery.min.js]
[cf9bc9ee5fba615fa4246a32.z19.web.core.windows.net/stackpath.bootstrapcdn.com/bootstrap/4.5.2/js/bootstrap.min.js]
[cf9bc9ee5fba615fa4246a32.z19.web.core.windows.net/maxcdn.bootstrapcdn.com/font-awesome/4.5.0/css/font-awesome.min.css]
